<?xml version="1.0" encoding="UTF-8"?>
<!-- Generated by org.testng.reporters.JUnitReportReporter -->
<testsuite skipped="0" hostname="HP-PC" name="DataProvider.TestNGDataProviderConcept" tests="13" failures="0" timestamp="26 Jun 2018 10:51:34 GMT" time="158.881" errors="0">
  <testcase name="loginTest" time="12.204" classname="DataProvider.TestNGDataProviderConcept"/>
  <testcase name="loginTest" time="12.609" classname="DataProvider.TestNGDataProviderConcept"/>
  <testcase name="loginTest" time="11.002" classname="DataProvider.TestNGDataProviderConcept"/>
  <testcase name="loginTest" time="9.234" classname="DataProvider.TestNGDataProviderConcept"/>
  <testcase name="loginTest" time="9.297" classname="DataProvider.TestNGDataProviderConcept"/>
  <testcase name="loginTest" time="8.823" classname="DataProvider.TestNGDataProviderConcept"/>
  <testcase name="loginTest" time="9.077" classname="DataProvider.TestNGDataProviderConcept"/>
  <testcase name="loginTest" time="9.720" classname="DataProvider.TestNGDataProviderConcept"/>
  <testcase name="loginTest" time="9.354" classname="DataProvider.TestNGDataProviderConcept"/>
  <testcase name="loginTest" time="10.656" classname="DataProvider.TestNGDataProviderConcept"/>
  <testcase name="loginTest" time="10.122" classname="DataProvider.TestNGDataProviderConcept"/>
  <testcase name="loginTest" time="36.361" classname="DataProvider.TestNGDataProviderConcept"/>
  <testcase name="loginTest" time="10.422" classname="DataProvider.TestNGDataProviderConcept"/>
</testsuite> <!-- DataProvider.TestNGDataProviderConcept -->
